<?xml version="1.0" encoding="UTF-8"?>
<testsuite xmlns:xsi="http://www.w3.org/2001/XMLSchema-instance" xsi:noNamespaceSchemaLocation="https://maven.apache.org/surefire/maven-surefire-plugin/xsd/surefire-test-report-3.0.xsd" version="3.0" name="TestSuite" time="3.281" tests="9" errors="0" skipped="8" failures="1">
  <properties>
[...]
</properties>
  <testcase name="setup" classname="testScript.EmployeeManagementTest" time="3.076">
    <failure message="Unable to obtain: Capabilities {browserName: chrome, goog:chromeOptions: {args: [--remote-allow-origins=*], extensions: []}}" type="org.openqa.selenium.remote.NoSuchDriverException"><![CDATA[org.openqa.selenium.remote.NoSuchDriverException: Unable to obtain: Capabilities {browserName: chrome, goog:chromeOptions: {args: [--remote-allow-origins=*], extensions: []}}
	at org.openqa.selenium.remote.service.DriverFinder.getPath(DriverFinder.java:29)
	at org.openqa.selenium.chrome.ChromeDriver.generateExecutor(ChromeDriver.java:98)
	at org.openqa.selenium.chrome.ChromeDriver.<init>(ChromeDriver.java:87)
	at org.openqa.selenium.chrome.ChromeDriver.<init>(ChromeDriver.java:82)
	at org.openqa.selenium.chrome.ChromeDriver.<init>(ChromeDriver.java:50)
	at testScript.EmployeeManagementTest.setup(EmployeeManagementTest.java:24)
	at java.base/jdk.internal.reflect.DirectMethodHandleAccessor.invoke(DirectMethodHandleAccessor.java:103)
	at java.base/java.lang.reflect.Method.invoke(Method.java:580)
	at org.testng.internal.MethodInvocationHelper.invokeMethod(MethodInvocationHelper.java:133)
	at org.testng.internal.MethodInvocationHelper.invokeMethodConsideringTimeout(MethodInvocationHelper.java:62)
	at org.testng.internal.ConfigInvoker.invokeConfigurationMethod(ConfigInvoker.java:385)
	at org.testng.internal.ConfigInvoker.invokeConfigurations(ConfigInvoker.java:321)
	at org.testng.TestRunner.invokeTestConfigurations(TestRunner.java:637)
	at org.testng.TestRunner.beforeRun(TestRunner.java:627)
	at org.testng.TestRunner.run(TestRunner.java:589)
	at org.testng.SuiteRunner.runTest(SuiteRunner.java:377)
	at org.testng.SuiteRunner.runSequentially(SuiteRunner.java:371)
	at org.testng.SuiteRunner.privateRun(SuiteRunner.java:332)
	at org.testng.SuiteRunner.run(SuiteRunner.java:276)
	at org.testng.SuiteRunnerWorker.runSuite(SuiteRunnerWorker.java:53)
	at org.testng.SuiteRunnerWorker.run(SuiteRunnerWorker.java:96)
	at org.testng.TestNG.runSuitesSequentially(TestNG.java:1212)
	at org.testng.TestNG.runSuitesLocally(TestNG.java:1134)
	at org.testng.TestNG.runSuites(TestNG.java:1063)
	at org.testng.TestNG.run(TestNG.java:1031)
	at org.apache.maven.surefire.testng.TestNGExecutor.run(TestNGExecutor.java:155)
	at org.apache.maven.surefire.testng.TestNGDirectoryTestSuite.executeMulti(TestNGDirectoryTestSuite.java:169)
	at org.apache.maven.surefire.testng.TestNGDirectoryTestSuite.execute(TestNGDirectoryTestSuite.java:88)
	at org.apache.maven.surefire.testng.TestNGProvider.invoke(TestNGProvider.java:137)
	at org.apache.maven.surefire.booter.ForkedBooter.runSuitesInProcess(ForkedBooter.java:385)
	at org.apache.maven.surefire.booter.ForkedBooter.execute(ForkedBooter.java:162)
	at org.apache.maven.surefire.booter.ForkedBooter.run(ForkedBooter.java:507)
	at org.apache.maven.surefire.booter.ForkedBooter.main(ForkedBooter.java:495)
Caused by: org.openqa.selenium.WebDriverException: Unsuccessful command executed: [C:\Users\tamta\AppData\Local\Temp\selenium-manager725409373820016517368836527990186\selenium-manager.exe, --browser, chrome, --output, json]
The chromedriver version cannot be discovered
Build info: version: '4.10.0', revision: 'c14d967899'
System info: os.name: 'Windows 11', os.arch: 'amd64', os.version: '10.0', java.version: '21.0.5'
Driver info: driver.version: ChromeDriver
	at org.openqa.selenium.manager.SeleniumManager.runCommand(SeleniumManager.java:130)
	at org.openqa.selenium.manager.SeleniumManager.getDriverPath(SeleniumManager.java:251)
	at org.openqa.selenium.remote.service.DriverFinder.getPath(DriverFinder.java:27)
	... 32 more
]]></failure>
    <system-err><![CDATA[Jan 19, 2025 8:30:47 AM org.openqa.selenium.remote.service.DriverService$Builder getLogOutput
INFO: Driver logs no longer sent to console by default; https://www.selenium.dev/documentation/webdriver/drivers/service/#setting-log-output
]]></system-err>
  </testcase>
  <testcase name="addEmployeeTest" classname="testScript.EmployeeManagementTest" time="0.0">
    <skipped message="Unable to obtain: Capabilities {browserName: chrome, goog:chromeOptions: {args: [--remote-allow-origins=*], extensions: []}}"/>
  </testcase>
  <testcase name="editEmployeeTest" classname="testScript.EmployeeManagementTest" time="0.0">
    <skipped message="Unable to obtain: Capabilities {browserName: chrome, goog:chromeOptions: {args: [--remote-allow-origins=*], extensions: []}}"/>
  </testcase>
  <testcase name="logout" classname="testScript.EmployeeManagementTest" time="0.0">
    <skipped/>
  </testcase>
  <testcase name="setup" classname="testScript.loginTest" time="0.0">
    <skipped/>
  </testcase>
  <testcase name="invalid_login" classname="testScript.loginTest" time="0.0">
    <skipped message="Unable to obtain: Capabilities {browserName: chrome, goog:chromeOptions: {args: [--remote-allow-origins=*], extensions: []}}"/>
  </testcase>
  <testcase name="loginWithoutDetails" classname="testScript.loginTest" time="0.0">
    <skipped message="Unable to obtain: Capabilities {browserName: chrome, goog:chromeOptions: {args: [--remote-allow-origins=*], extensions: []}}"/>
  </testcase>
  <testcase name="loginAttemptsExceeds" classname="testScript.loginTest" time="0.0">
    <skipped message="Unable to obtain: Capabilities {browserName: chrome, goog:chromeOptions: {args: [--remote-allow-origins=*], extensions: []}}"/>
  </testcase>
  <testcase name="valid_login" classname="testScript.loginTest" time="0.0">
    <skipped message="Unable to obtain: Capabilities {browserName: chrome, goog:chromeOptions: {args: [--remote-allow-origins=*], extensions: []}}"/>
  </testcase>
</testsuite>